{
  "RSpec": {
    "coverage": {
      "/home/aljoh/Projects/Craft Academy/rails_messaging_october_17_lions/app/models/user.rb": [
        0,
        0,
        0,
        0,
        0,
        0,
        0,
        0,
        0,
        0,
        0,
        0,
        0,
        0,
        0,
        0,
        0,
        0,
        0,
        0
      ],
      "/home/aljoh/Projects/Craft Academy/rails_messaging_october_17_lions/app/models/application_record.rb": [
        0,
        0,
        0
      ],
      "/home/aljoh/Projects/Craft Academy/rails_messaging_october_17_lions/app/controllers/welcome_controller.rb": [
        0,
        0,
        0,
        0
      ],
      "/home/aljoh/Projects/Craft Academy/rails_messaging_october_17_lions/app/controllers/application_controller.rb": [
        0,
        0,
        0,
        0,
        0,
        0,
        0,
        0,
        0,
        0,
        0,
        0,
        0,
        0,
        0,
        0,
        0,
        0,
        0,
        0,
        0,
        0,
        0,
        0,
        0,
        0
      ],
      "/home/aljoh/Projects/Craft Academy/rails_messaging_october_17_lions/app/controllers/mailbox_controller.rb": [
        0,
        0,
        0,
        0,
        0,
        0,
        0,
        0,
        0,
        0,
        0,
        0,
        0,
        0,
        0,
        0,
        0,
        0
      ],
      "/home/aljoh/Projects/Craft Academy/rails_messaging_october_17_lions/app/controllers/conversations_controller.rb": [
        0,
        0,
        0,
        0,
        0,
        0,
        0,
        0,
        0,
        0,
        0,
        0,
        0,
        0,
        0,
        0,
        0,
        0,
        0,
        0,
        0,
        0,
        0,
        0,
        0,
        0,
        0,
        0,
        0,
        0,
        0,
        0,
        0,
        0,
        0,
        0,
        0,
        0,
        0,
        0,
        0,
        0,
        0,
        0,
        0,
        0
      ],
      "/home/aljoh/Projects/Craft Academy/rails_messaging_october_17_lions/app/helpers/mailbox_helper.rb": [
        0,
        0,
        0,
        0,
        0,
        0,
        0
      ],
      "/home/aljoh/Projects/Craft Academy/rails_messaging_october_17_lions/app/helpers/application_helper.rb": [
        0,
        0,
        0,
        0,
        0,
        0,
        0,
        0,
        0,
        0,
        0,
        0,
        0
      ]
    },
    "timestamp": 1511949946
  }
}
